<?xml version="1.0" encoding="UTF-8"?>
<!-- Generated by org.testng.reporters.JUnitReportReporter -->
<testsuite skipped="0" hostname="Sony" name="practice.SnehaKumari.HomePageTest" tests="6" failures="0" timestamp="19 Jun 2018 16:24:08 GMT" time="25.396" errors="0">
  <testcase name="loginToApplicationTest" time="2.726" classname="practice.SnehaKumari.HomePageTest"/>
  <testcase name="clickRecuritmentTest" time="4.229" classname="practice.SnehaKumari.HomePageTest"/>
  <testcase name="createVacaniesTest" time="5.678" classname="practice.SnehaKumari.HomePageTest"/>
  <testcase name="addCandidateTgest" time="6.529" classname="practice.SnehaKumari.HomePageTest"/>
  <testcase name="deactivateVacancyTest" time="3.950" classname="practice.SnehaKumari.HomePageTest"/>
  <testcase name="emptyJobVacancyTest" time="2.284" classname="practice.SnehaKumari.HomePageTest"/>
</testsuite> <!-- practice.SnehaKumari.HomePageTest -->
